
> groveline-frontend@0.1.0 build
> next build

  ▲ Next.js 14.2.33

   Creating an optimized production build ...
 ✓ Compiled successfully
   Linting and checking validity of types ...
   Collecting page data ...
   Generating static pages (0/10) ...
   Generating static pages (2/10) 
   Generating static pages (4/10) 
   Generating static pages (7/10) 
 ✓ Generating static pages (10/10)
   Finalizing page optimization ...
   Collecting build traces ...

Route (app)                                   Size     First Load JS
┌ ○ /                                         191 B           101 kB
├ ○ /_not-found                               873 B          88.2 kB
├ ○ /case-studies                             191 B           101 kB
├ ○ /case-studies/allocator-platform          183 B          96.2 kB
├ ○ /case-studies/bbt                         191 B           101 kB
├ ○ /case-studies/founder-equity              183 B          96.2 kB
├ ○ /case-studies/gmam                        183 B          96.2 kB
└ ○ /case-studies/institutional-vs-pragmatic  183 B          96.2 kB
+ First Load JS shared by all                 87.3 kB
  ├ chunks/117-f5a99faf69155abd.js            31.8 kB
  ├ chunks/fd9d1056-749e5812300142af.js       53.6 kB
  └ other shared chunks (total)               1.86 kB


○  (Static)  prerendered as static content

